Slurping to output/1KIzOL.cs
Slurping to output/PmstIn.cs
Slurping to output/vTCS6V.c
Slurping to output/J5aKuR.java
Slurping to output/zsmHjG.cpp
Slurping to output/ZWYuCd.cpp
Slurping to output/1GjkVJ.cpp
Slurping to output/Um5cuU.cpp
Slurping to output/GDkGWi.cpp
Slurping to output/dq78eM.cpp
Slurping to output/IwAISf.cpp
Slurping to output/uNFYYD.cpp
Slurping to output/Owcvfm.java
Slurping to output/agA3YC.cpp
Slurping to output/JOxcSM.cpp
Slurping to output/1qI6Mp.cpp
Slurping to output/QFBPJK.cpp
Slurping to output/ZTNvne.cpp
Slurping to output/yb1vdW.cpp
Slurping to output/x219r7.java
Slurping to output/BwIhEE.cpp
Slurping to output/6nd6tW.cpp
Slurping to output/htr6iA.cpp
Slurping to output/Dsce2d.cpp
Slurping to output/pa1Ycy.cpp
Slurping to output/HMsaVl.cpp
Slurping to output/pwo5Cu.cpp
Slurping to output/t9zLM6.cpp
Slurping to output/aznLR0.cpp
Slurping to output/7U7dkh.cpp
Slurping to output/0PpOs8.cpp
Slurping to output/EsK6W8.cs
Slurping to output/lBiDxD.cs
Slurping to output/a7XWek.cpp
Slurping to output/Yrp3ib.cpp
Slurping to output/SZX2u6.cpp
Slurping to output/WA6nwg.cpp
Slurping to output/qJcqKJ.cpp
Slurping to output/vvQFLX.cpp
Slurping to output/u29r9G.cpp
Slurping to output/HD4Vj8.cpp
Slurping to output/4pyUR1.sh
Slurping to output/EXKtCo.c
Slurping to output/4hmQ2P.cpp
Slurping to output/8N152n.cpp
Slurping to output/938hcO.cpp
Slurping to output/BkCPAT.cpp
Slurping to output/UrmlpR.cpp

Unhandled Exception: System.Web.Services.Protocols.SoapException: SOAP-ERROR: Encoding: string 'fcjjmumpjb\xfe...' is not a valid utf-8 string
  at System.Web.Services.Protocols.SoapHttpClientProtocol.ReceiveResponse (System.Net.WebResponse response, System.Web.Services.Protocols.SoapClientMessage message, System.Web.Services.Protocols.SoapExtension[] extensions) [0x00000] in <filename unknown>:0 
  at System.Web.Services.Protocols.SoapHttpClientProtocol.Invoke (System.String method_name, System.Object[] parameters) [0x00000] in <filename unknown>:0 
  at Ideone_ServiceService.getSubmissionDetails (System.String user, System.String pass, System.String link, Boolean withSource, Boolean withInput, Boolean withOutput, Boolean withStderr, Boolean withCmpinfo) [0x00000] in <filename unknown>:0 
  at (wrapper remoting-invoke-with-check) Ideone_ServiceService:getSubmissionDetails (string,string,string,bool,bool,bool,bool,bool)
  at csharp_test.Program.Main (System.String[] args) [0x00000] in <filename unknown>:0 
[ERROR] FATAL UNHANDLED EXCEPTION: System.Web.Services.Protocols.SoapException: SOAP-ERROR: Encoding: string 'fcjjmumpjb\xfe...' is not a valid utf-8 string
  at System.Web.Services.Protocols.SoapHttpClientProtocol.ReceiveResponse (System.Net.WebResponse response, System.Web.Services.Protocols.SoapClientMessage message, System.Web.Services.Protocols.SoapExtension[] extensions) [0x00000] in <filename unknown>:0 
  at System.Web.Services.Protocols.SoapHttpClientProtocol.Invoke (System.String method_name, System.Object[] parameters) [0x00000] in <filename unknown>:0 
  at Ideone_ServiceService.getSubmissionDetails (System.String user, System.String pass, System.String link, Boolean withSource, Boolean withInput, Boolean withOutput, Boolean withStderr, Boolean withCmpinfo) [0x00000] in <filename unknown>:0 
  at (wrapper remoting-invoke-with-check) Ideone_ServiceService:getSubmissionDetails (string,string,string,bool,bool,bool,bool,bool)
  at csharp_test.Program.Main (System.String[] args) [0x00000] in <filename unknown>:0 
Slurping to output/UrmlpR.cpp
System.Web.Services.Protocols.SoapException: SOAP-ERROR: Encoding: string 'fcjjmumpjb\xfe...' is not a valid utf-8 string
  at System.Web.Services.Protocols.SoapHttpClientProtocol.ReceiveResponse (System.Net.WebResponse response, System.Web.Services.Protocols.SoapClientMessage message, System.Web.Services.Protocols.SoapExtension[] extensions) [0x00000] in <filename unknown>:0 
  at System.Web.Services.Protocols.SoapHttpClientProtocol.Invoke (System.String method_name, System.Object[] parameters) [0x00000] in <filename unknown>:0 
  at Ideone_ServiceService.getSubmissionDetails (System.String user, System.String pass, System.String link, Boolean withSource, Boolean withInput, Boolean withOutput, Boolean withStderr, Boolean withCmpinfo) [0x00000] in <filename unknown>:0 
  at (wrapper remoting-invoke-with-check) Ideone_ServiceService:getSubmissionDetails (string,string,string,bool,bool,bool,bool,bool)
  at csharp_test.Program.Main (System.String[] args) [0x00000] in <filename unknown>:0 
Slurping to output/myOqav.cpp
Slurping to output/Bnt6m6.hs
Slurping to output/PNENMv.hs
Slurping to output/4RcIrD.hs
Slurping to output/YUKZv2.hs
Slurping to output/VVVTYe.cpp
Slurping to output/8lL0C3.cpp
Slurping to output/c9xw3J.cs
Slurping to output/37hhY3.cs
Slurping to output/gN3cq8.cpp
Slurping to output/wzgSXX.cpp
Slurping to output/0KU9sy.cs
Slurping to output/ZY9qBm.cs
Slurping to output/30zoCA.cpp
Slurping to output/DxRNUa.cpp
Slurping to output/lmq26i.cpp
Slurping to output/ifp0NC.cpp
Slurping to output/f2Mxg6.cpp
Slurping to output/hdnRYx.cpp
Slurping to output/rBTi42.cpp
Slurping to output/elp3IF.cpp
Slurping to output/Hacgcy.cpp
Slurping to output/tRC6Cj.cpp
Slurping to output/eP8VRX.cpp
Slurping to output/FJ2fsj.cpp
Slurping to output/DN9vHW.cpp
Slurping to output/9guFEF.cpp
Slurping to output/fSobD8.cpp
Slurping to output/4k83TJ.cpp
Slurping to output/rBdyaH.sh
Slurping to output/THsjaL.sh
Slurping to output/1YS14N.cs
Slurping to output/8AmATI.cs
Slurping to output/Q87JsV.cpp
Slurping to output/PZKYEP.cpp
Slurping to output/AsufUo.cpp
Slurping to output/15z5Zm.cs
Slurping to output/GZNQxS.cpp
Slurping to output/ZeLt1E.cpp
Slurping to output/yFBlpF.cpp
Slurping to output/0sJCs4.sh
Slurping to output/rNlQj7.cpp
Slurping to output/oWfYPZ.cpp
Slurping to output/h4Fx4y.cpp
Slurping to output/0vjeKE.cpp
Slurping to output/butnkS.c
Slurping to output/3qSbwo.c
Slurping to output/w9tqHD.c
Slurping to output/cvHDxK.cpp
Slurping to output/8dEy87.cpp
Slurping to output/imoRNF.cpp
Slurping to output/ZlWcMR.cpp
Slurping to output/E4G9Fp.cpp
Slurping to output/ExnufJ.c
Slurping to output/Zz1pRI.c
Slurping to output/pB7aIE.c
Slurping to output/0eTr7F.c
Slurping to output/1tYfs2.cpp
Slurping to output/MEZY3k.cpp
Slurping to output/kS7XqB.c
Slurping to output/GuPZwt.cs
Slurping to output/zFrJa8.cpp
Slurping to output/7DYSSn.cpp
Slurping to output/seovl5.cpp
Slurping to output/U2geNF.cpp
Slurping to output/quxac2.c
Slurping to output/odqhBz.cpp
Slurping to output/e8GjMg.cpp
Slurping to output/1NCTFT.cpp
Slurping to output/O5sLIS.cpp
Slurping to output/wvcEX6.cpp
Slurping to output/Zvadwf.cpp
Slurping to output/BGXH9W.cpp
Slurping to output/ki14GO.cpp
Slurping to output/IPrwSN.cpp
Slurping to output/0Lwn5u.cpp
Slurping to output/54Fzco.cpp
Slurping to output/NbEPJR.cpp
Slurping to output/k2VsIx.cpp
Slurping to output/GKee9u.cpp
Slurping to output/uxCwLQ.cpp
Slurping to output/Q89e6A.cpp
Slurping to output/3R5hCX.cpp
Slurping to output/gutPFv.pl
Slurping to output/ZbzCZe.pl
Slurping to output/Mt0DFR.cpp
Slurping to output/MfOqYC.cpp
Slurping to output/EgW6t5.cpp
Slurping to output/eLZVdW.cpp
Slurping to output/3Jqwpc.cpp
Slurping to output/dcNhPI.cpp
Slurping to output/A2aM3R.cs
Slurping to output/juYQ7U.cs
Slurping to output/Evgdz1.sh
Slurping to output/POt5gp.sh
Slurping to output/VPtLbT.c
Slurping to output/tq9DaY.cpp
Slurping to output/Jwxr2a.cs
Slurping to output/Rmbyf7.cpp
Slurping to output/hxlkZF.cpp
Slurping to output/c2cHgZ.cpp
Slurping to output/RBqEnb.cpp
Slurping to output/DVCyE9.cpp
Slurping to output/PlkpqK.cpp
Slurping to output/120Ezs.cpp
Slurping to output/G9Kzfy.cpp
Slurping to output/zrXcwH.cpp
Slurping to output/Xv9IH1.cpp
Slurping to output/AghZ0k.cs
Slurping to output/iYk4IM.cpp
Slurping to output/wcI872.cs
Slurping to output/00DMux.cs
Slurping to output/JFUaL0.cs
Slurping to output/FuZIDy.cs
Slurping to output/NaFrzG.cs
Slurping to output/H4gCoE.cs
Slurping to output/mFLYhT.cs
Slurping to output/kG4kqO.cs
Slurping to output/O36nWc.cs
Slurping to output/Qk56aF.cpp
Slurping to output/Ex4119.cpp
Slurping to output/JIzpml.cs
Slurping to output/GlWHsk.c
Slurping to output/vjdagA.c
Slurping to output/QEO0zu.c
Slurping to output/5QKGwt.c
Slurping to output/UWb3dg.cpp
Slurping to output/6rAj7k.cpp
Slurping to output/NVlRWC.cpp
Slurping to output/urdLP2.cpp
Slurping to output/DUPWwb.cpp
Slurping to output/N6Zu0a.cs
Slurping to output/Y24ErF.cs
Slurping to output/uvhIBd.cs
Slurping to output/Dr5f3W.cs
Slurping to output/xLqPV6.cs
Slurping to output/aHuB8.cpp
Slurping to output/IV2w9.cpp
Slurping to output/Tx1kz.cpp
Slurping to output/l23He.c
Slurping to output/lyUdE.cpp
Slurping to output/ItgNG.cpp
Slurping to output/K5WJ4.cpp
Slurping to output/0ZHx0.cpp
Slurping to output/Wtzwv.cpp
Slurping to output/XLuFy.cpp
Slurping to output/I47R8.cs
Slurping to output/xO4lz.cs
Slurping to output/JdpeL.cs
Slurping to output/GB3Hd.cs
Slurping to output/0YNiG.cpp
Slurping to output/pIawu.cpp
Slurping to output/d3YvR.cs
Slurping to output/3NylI.cs
Slurping to output/we1o2.php
Slurping to output/9MmE9.cpp
Slurping to output/c45oC.cpp
Slurping to output/z6jYY.cpp
Slurping to output/VPOTF.cpp
Slurping to output/cZyyD.cpp
Slurping to output/NXzQB.cpp
Slurping to output/XpzHE.cpp
Slurping to output/LgAgs.cpp
Slurping to output/WE6WN.cpp
Slurping to output/KmkI6.cpp
Slurping to output/BuM8t.cpp
Slurping to output/9dCvr.cpp
Slurping to output/R1bWq.cpp
Slurping to output/H8Prh.cpp
Slurping to output/fwJx5.cpp
Slurping to output/UKgzg.cpp
Slurping to output/MExyx.cpp
Slurping to output/MXjkh.cpp
Slurping to output/YqoDo.cpp
Slurping to output/seZTa.cpp
Slurping to output/jVGg6.cpp
Slurping to output/yqrOH.cpp
Slurping to output/NzSD4.cpp
Slurping to output/QJMiF.cpp
Slurping to output/pm8Oz.cpp
Slurping to output/1CA3e.cpp
Slurping to output/IYorg.cpp
Slurping to output/rMVXy.cpp
Slurping to output/97x29.cpp
Slurping to output/XZrh9.cpp
Slurping to output/w7lii.cpp
Slurping to output/jk9yl.c
Slurping to output/i3gnn.c
Slurping to output/IBziN.cpp
Slurping to output/1EZ2Y.cpp
Slurping to output/6LPK9.cpp
Slurping to output/awWAb.cpp
Slurping to output/s7Vrd.cpp
Slurping to output/7LXW0.cpp
Slurping to output/DuIkZ.cpp
Slurping to output/1HCvu.cs
Slurping to output/CzJDX.cpp
Slurping to output/GEIrq.cpp
Slurping to output/jwHo2.c
Slurping to output/4VnEU.c
Slurping to output/E5ICn.cpp
Slurping to output/FAQSm.c
Slurping to output/HbKVk.cpp
Slurping to output/jZQJq.cpp
Slurping to output/UWgQe.cs
Slurping to output/aDkhW.cpp
Slurping to output/PYWpq.cpp
Slurping to output/KdAhO.cpp
Slurping to output/X0GRx.cpp
Slurping to output/z2Y0A.cs
Slurping to output/lzhBr.cpp
Slurping to output/fVmh4.asm
Slurping to output/7qJjU.cpp
Slurping to output/vhBnZ.cs
Slurping to output/aKLt9.cpp
Slurping to output/i695R.cpp
Slurping to output/zCj3v.cpp
Slurping to output/Azse6.cpp
Slurping to output/4xfkE.java
Slurping to output/RPXCh.java
Slurping to output/IlxFD.cpp
Slurping to output/tlQWI.cpp
Slurping to output/IzDAj.cpp
Slurping to output/ROJy9.cpp
Slurping to output/ZkJEk.cpp
Slurping to output/aRvus.cpp
Slurping to output/WN5qQ.cpp
Slurping to output/aK23U.cpp
Slurping to output/0ncl1.cpp
Slurping to output/S2WUC.cpp
Slurping to output/ib7zi.cpp
Slurping to output/6f4pf.cpp
Slurping to output/uuqcV.c
Slurping to output/nwO7w.cpp
Slurping to output/H5z0d.pl
Slurping to output/p46mO.cpp
Slurping to output/26nqr.cpp
Slurping to output/h08ZS.cpp
Slurping to output/i4ygJ.cpp
Slurping to output/Hsw6C.cpp
Slurping to output/1HRlZ.cpp
Slurping to output/DsQOZ.sh
Slurping to output/6dbIU.cpp
Slurping to output/8KIsW.cpp
Slurping to output/pPWZk.cpp
Slurping to output/Ci4eo.cpp
Slurping to output/6MaHJ.cpp
Slurping to output/F0rC3.cpp
Slurping to output/6dxZG.cs
Slurping to output/yFm9P.cpp
Slurping to output/AUrXy.cpp
Slurping to output/A6RQU.cs
Slurping to output/CrL4z.cpp
Slurping to output/VHcEC.cpp
Slurping to output/JILEA.cpp
Slurping to output/8AkSQ.cs
Slurping to output/wZB8F.cpp
Slurping to output/5nc3m.cpp
Slurping to output/mXoGQ.cpp
Slurping to output/SgbEN.cpp
Slurping to output/te49B.cpp
Slurping to output/WuqFf.cpp
Slurping to output/W8c66.cs
Slurping to output/YsG7V.cpp
Slurping to output/yApYp.cpp
Slurping to output/QldXV.py
Slurping to output/8uU01.cpp
Slurping to output/xr55F.cpp
Slurping to output/N20xU.cs
Slurping to output/3Uz2m.cpp
Slurping to output/NJ4yk.cs
Slurping to output/ZMNb1.cpp
Slurping to output/nTTvE.c
Slurping to output/5y9mR.cpp
Slurping to output/h5y7R.cpp
Slurping to output/LlCPh.cpp
Slurping to output/AqmsL.cpp
Slurping to output/YuaqY.cs
Slurping to output/Ld7It.cpp
Slurping to output/6IQBZ.cpp
Slurping to output/ATY4q.cpp
Slurping to output/zZHuS.cs
Slurping to output/rukw4.cs
Slurping to output/yhK9t.java
Slurping to output/w8pHg.cs
Slurping to output/TgtZK.cpp
Slurping to output/VEEQa.cpp
Slurping to output/J6pl4.cs
Slurping to output/TDufv.cs
Slurping to output/chti1.cpp
Slurping to output/EDof0.cs
Slurping to output/sXM7b.c
Slurping to output/kkB86.cpp
Slurping to output/eRniK.cpp
Slurping to output/ddjGX.cpp
Slurping to output/BELNc.cpp
Slurping to output/rpWGS.cpp
Slurping to output/WwI87.cs
Slurping to output/amImX.cpp
Slurping to output/WFo4g.cpp
Slurping to output/FVtlk.cpp
Slurping to output/AmtuT.cs
Slurping to output/TTuBP.cs
Slurping to output/Ly38P.cpp
Slurping to output/95gMc.cpp
Slurping to output/H6SAd.cpp
Slurping to output/9Zj58.cs
Slurping to output/5T4fZ.cpp
Slurping to output/084uD.cpp
Slurping to output/NsjfM.cs
Slurping to output/mut9V.cpp
Slurping to output/lfmDq.c
Slurping to output/467Aj.cpp
Slurping to output/FC4xm.cpp
Slurping to output/g6GJv.cs
Slurping to output/41rpZ.cs
Slurping to output/5Lya6.cpp
Slurping to output/iLDJo.cs
Slurping to output/1mfsm.cpp
Slurping to output/zs9Ar.cpp
Slurping to output/oxslQ.cpp
Slurping to output/6zJJp.cpp
Slurping to output/02pdJ.cpp
Slurping to output/45fCX.cs
Slurping to output/7Oa5n.cpp
Slurping to output/Kf2du.cpp
Slurping to output/lvsEi.cpp
Slurping to output/C39R6.c
Slurping to output/2uSZT.cpp
Slurping to output/P4HM4.cpp
Slurping to output/k94en.cpp
Slurping to output/LQk8U.cpp
Slurping to output/0fmy0.cpp
Slurping to output/KQj1G.cpp
Slurping to output/99sKB.cs
Slurping to output/HtAAg.cpp
Slurping to output/YKq3d.cpp
Slurping to output/b0m7T.cs
Slurping to output/fz36y.cs
Slurping to output/C5HTR.cpp
Slurping to output/U4w7j.cpp
Slurping to output/Omkue.cpp
Slurping to output/1qmYk.cpp
Slurping to output/1ODS5.cpp
Slurping to output/3GiWA.cpp
Slurping to output/bamvZ.cpp
Slurping to output/dyfoD.cs
Slurping to output/E6QJy.cpp
Slurping to output/fLHvg.cpp
Slurping to output/YsVRE.py
Slurping to output/5qlyU.cs
Slurping to output/OQVN6.cpp
Slurping to output/Z3Yat.cpp
Slurping to output/xevL0.cpp
Slurping to output/2BlsK.cpp
Slurping to output/RoYmc.cpp
Slurping to output/5BDKr.cpp
Slurping to output/zHbUh.cpp
Slurping to output/gfi2C.cpp
Slurping to output/TvJZd.cpp
Slurping to output/h1IqP.cpp
Slurping to output/9MuW3.cpp
Slurping to output/TpgLw.cpp
Slurping to output/LIawL.cs
Slurping to output/0k1wE.cs
Slurping to output/WUipr.cs
Slurping to output/bYhq9.cpp
Slurping to output/P6uI2.cpp
Slurping to output/qTVI5.cs
Slurping to output/eONEp.cpp
Slurping to output/uEvmE.cpp
Slurping to output/qC4Bx.cs
Slurping to output/lHuQZ.cs
Slurping to output/tTdgt.cs
